Using pre-set license
Built from '2022.3/staging' branch; Version is '2022.3.17f1 (4fc78088f837) revision 5228416'; Using compiler version '192829333'; Build Type 'Release'
OS: 'Windows 10  (10.0.19045) 64bit Professional' Language: 'en' Physical Memory: 16166 MB
BatchMode: 1, IsHumanControllingUs: 0, StartBugReporterOnCrash: 0, Is64bit: 1, IsPro: 1

COMMAND LINE ARGUMENTS:
C:\Program Files\Unity\Hub\Editor\2022.3.17f1\Editor\Unity.exe
-adb2
-batchMode
-noUpm
-name
AssetImportWorker2
-projectPath
C:/ODU/Spring_2024/ECE_407/P_4_Michalick_Jacob/ECE_407_P4/Tanks
-logFile
Logs/AssetImportWorker2.log
-srvPort
61391
Successfully changed project path to: C:/ODU/Spring_2024/ECE_407/P_4_Michalick_Jacob/ECE_407_P4/Tanks
C:/ODU/Spring_2024/ECE_407/P_4_Michalick_Jacob/ECE_407_P4/Tanks
[UnityMemory] Configuration Parameters - Can be set up in boot.config
    "memorysetup-bucket-allocator-granularity=16"
    "memorysetup-bucket-allocator-bucket-count=8"
    "memorysetup-bucket-allocator-block-size=33554432"
    "memorysetup-bucket-allocator-block-count=8"
    "memorysetup-main-allocator-block-size=16777216"
    "memorysetup-thread-allocator-block-size=16777216"
    "memorysetup-gfx-main-allocator-block-size=16777216"
    "memorysetup-gfx-thread-allocator-block-size=16777216"
    "memorysetup-cache-allocator-block-size=4194304"
    "memorysetup-typetree-allocator-block-size=2097152"
    "memorysetup-profiler-bucket-allocator-granularity=16"
    "memorysetup-profiler-bucket-allocator-bucket-count=8"
    "memorysetup-profiler-bucket-allocator-block-size=33554432"
    "memorysetup-profiler-bucket-allocator-block-count=8"
    "memorysetup-profiler-allocator-block-size=16777216"
    "memorysetup-profiler-editor-allocator-block-size=1048576"
    "memorysetup-temp-allocator-size-main=16777216"
    "memorysetup-job-temp-allocator-block-size=2097152"
    "memorysetup-job-temp-allocator-block-size-background=1048576"
    "memorysetup-job-temp-allocator-reduction-small-platforms=262144"
    "memorysetup-allocator-temp-initial-block-size-main=262144"
    "memorysetup-allocator-temp-initial-block-size-worker=262144"
    "memorysetup-temp-allocator-size-background-worker=32768"
    "memorysetup-temp-allocator-size-job-worker=262144"
    "memorysetup-temp-allocator-size-preload-manager=33554432"
    "memorysetup-temp-allocator-size-nav-mesh-worker=65536"
    "memorysetup-temp-allocator-size-audio-worker=65536"
    "memorysetup-temp-allocator-size-cloud-worker=32768"
    "memorysetup-temp-allocator-size-gi-baking-worker=262144"
    "memorysetup-temp-allocator-size-gfx=262144"
Player connection [24296] Host "[IP] 0.0.0.0 [Port] 0 [Flags] 2 [Guid] 2426204189 [EditorId] 2426204189 [Version] 1048832 [Id] WindowsEditor(7,DESKTOP-PJB1Q95) [Debug] 1 [PackageName] WindowsEditor [ProjectName] Editor" joined multi-casting on [225.0.0.222:54997]...

Player connection [24296] Host "[IP] 0.0.0.0 [Port] 0 [Flags] 2 [Guid] 2426204189 [EditorId] 2426204189 [Version] 1048832 [Id] WindowsEditor(7,DESKTOP-PJB1Q95) [Debug] 1 [PackageName] WindowsEditor [ProjectName] Editor" joined alternative multi-casting on [225.0.0.222:34997]...

[Physics::Module] Initialized MultithreadedJobDispatcher with 11 workers.
Refreshing native plugins compatible for Editor in 60.28 ms, found 2 plugins.
Preloading 0 native plugins for Editor in 0.00 ms.
Initialize engine version: 2022.3.17f1 (4fc78088f837)
[Subsystems] Discovering subsystems at path C:/Program Files/Unity/Hub/Editor/2022.3.17f1/Editor/Data/Resources/UnitySubsystems
[Subsystems] Discovering subsystems at path C:/ODU/Spring_2024/ECE_407/P_4_Michalick_Jacob/ECE_407_P4/Tanks/Assets
GfxDevice: creating device client; threaded=0; jobified=0
Direct3D:
    Version:  Direct3D 11.0 [level 11.1]
    Renderer: Intel(R) UHD Graphics (ID=0x9bca)
    Vendor:   Intel
    VRAM:     8083 MB
    Driver:   27.20.100.8935
Initialize mono
Mono path[0] = 'C:/Program Files/Unity/Hub/Editor/2022.3.17f1/Editor/Data/Managed'
Mono path[1] = 'C:/Program Files/Unity/Hub/Editor/2022.3.17f1/Editor/Data/MonoBleedingEdge/lib/mono/unityjit-win32'
Mono config path = 'C:/Program Files/Unity/Hub/Editor/2022.3.17f1/Editor/Data/MonoBleedingEdge/etc'
Using monoOptions --debugger-agent=transport=dt_socket,embedding=1,server=y,suspend=n,address=127.0.0.1:56004
Begin MonoManager ReloadAssembly
Registering precompiled unity dll's ...
Register platform support module: C:/Program Files/Unity/Hub/Editor/2022.3.17f1/Editor/Data/PlaybackEngines/WebGLSupport/UnityEditor.WebGL.Extensions.dll
Register platform support module: C:/Program Files/Unity/Hub/Editor/2022.3.17f1/Editor/Data/PlaybackEngines/WindowsStandaloneSupport/UnityEditor.WindowsStandalone.Extensions.dll
Registered in 0.017227 seconds.
- Loaded All Assemblies, in  0.869 seconds
Native extension for WindowsStandalone target not found
Native extension for WebGL target not found
Mono: successfully reloaded assembly
- Finished resetting the current domain, in  0.517 seconds
Domain Reload Profiling: 1383ms
	BeginReloadAssembly (420ms)
		ExecutionOrderSort (0ms)
		DisableScriptedObjects (0ms)
		BackupInstance (0ms)
		ReleaseScriptingObjects (0ms)
		CreateAndSetChildDomain (41ms)
	RebuildCommonClasses (64ms)
	RebuildNativeTypeToScriptingClass (18ms)
	initialDomainReloadingComplete (102ms)
	LoadAllAssembliesAndSetupDomain (261ms)
		LoadAssemblies (361ms)
		RebuildTransferFunctionScriptingTraits (0ms)
		AnalyzeDomain (258ms)
			TypeCache.Refresh (254ms)
				TypeCache.ScanAssembly (232ms)
			ScanForSourceGeneratedMonoScriptInfo (1ms)
			ResolveRequiredComponents (1ms)
	FinalizeReload (518ms)
		ReleaseScriptCaches (0ms)
		RebuildScriptCaches (0ms)
		SetupLoadedEditorAssemblies (408ms)
			LogAssemblyErrors (0ms)
			InitializePlatformSupportModulesInManaged (21ms)
			SetLoadedEditorAssemblies (11ms)
			RefreshPlugins (0ms)
			BeforeProcessingInitializeOnLoad (4ms)
			ProcessInitializeOnLoadAttributes (283ms)
			ProcessInitializeOnLoadMethodAttributes (88ms)
			AfterProcessingInitializeOnLoad (0ms)
			EditorAssembliesLoaded (0ms)
		ExecutionOrderSort2 (0ms)
		AwakeInstancesAfterBackupRestoration (0ms)
========================================================================
Worker process is ready to serve import requests
Begin MonoManager ReloadAssembly
Symbol file LoadedFromMemory is not a mono symbol file
- Loaded All Assemblies, in  1.115 seconds
Refreshing native plugins compatible for Editor in 20.07 ms, found 2 plugins.
Native extension for WindowsStandalone target not found
Native extension for WebGL target not found
Package Manager log level set to [2]
[Package Manager] Server::EnsureServerProcessIsRunning -- launch failed, reason: Unity was launched with the -noUpm command-line argument
[Package Manager] UpmClient::Send -- Unable to send message (not connected to UPM process).
[Package Manager] Cannot connect to Unity Package Manager local server
Mono: successfully reloaded assembly
- Finished resetting the current domain, in  1.773 seconds
Domain Reload Profiling: 2882ms
	BeginReloadAssembly (319ms)
		ExecutionOrderSort (0ms)
		DisableScriptedObjects (12ms)
		BackupInstance (0ms)
		ReleaseScriptingObjects (0ms)
		CreateAndSetChildDomain (41ms)
	RebuildCommonClasses (60ms)
	RebuildNativeTypeToScriptingClass (22ms)
	initialDomainReloadingComplete (75ms)
	LoadAllAssembliesAndSetupDomain (632ms)
		LoadAssemblies (582ms)
		RebuildTransferFunctionScriptingTraits (0ms)
		AnalyzeDomain (234ms)
			TypeCache.Refresh (186ms)
				TypeCache.ScanAssembly (155ms)
			ScanForSourceGeneratedMonoScriptInfo (39ms)
			ResolveRequiredComponents (7ms)
	FinalizeReload (1774ms)
		ReleaseScriptCaches (0ms)
		RebuildScriptCaches (0ms)
		SetupLoadedEditorAssemblies (1498ms)
			LogAssemblyErrors (0ms)
			InitializePlatformSupportModulesInManaged (19ms)
			SetLoadedEditorAssemblies (7ms)
			RefreshPlugins (0ms)
			BeforeProcessingInitializeOnLoad (192ms)
			ProcessInitializeOnLoadAttributes (956ms)
			ProcessInitializeOnLoadMethodAttributes (309ms)
			AfterProcessingInitializeOnLoad (14ms)
			EditorAssembliesLoaded (0ms)
		ExecutionOrderSort2 (0ms)
		AwakeInstancesAfterBackupRestoration (16ms)
Launched and connected shader compiler UnityShaderCompiler.exe after 0.06 seconds
Refreshing native plugins compatible for Editor in 14.33 ms, found 2 plugins.
Preloading 0 native plugins for Editor in 0.00 ms.
Unloading 2644 Unused Serialized files (Serialized files now loaded: 0)
Unloading 65 unused Assets / (358.7 KB). Loaded Objects now: 3099.
Memory consumption went from 128.6 MB to 128.3 MB.
Total: 11.345400 ms (FindLiveObjects: 0.325000 ms CreateObjectMapping: 0.206000 ms MarkObjects: 10.499000 ms  DeleteObjects: 0.314200 ms)

AssetImportParameters requested are different than current active one (requested -> active):
  custom:video-decoder-webm-vp8: 9c59270c3fd7afecdb556c50c9e8de78 -> 
  custom:SearchIndexIgnoredProperties: e643bd26f0fe6173181afceb89e7c659 -> 
  custom:container-demuxer-ogg: 62fdf1f143b41e24485cea50d1cbac27 -> 
  custom:AudioImporter_EditorPlatform: d09bf68614088b80899f8185d706f6e7 -> 
  custom:video-codec-MediaFoundation-h265: 746d11721c4dcdbdad8f713fa42b33f4 -> 
  custom:video-decoder-ogg-theora: a1e56fd34408186e4bbccfd4996cb3dc -> 
  custom:framework-win-MediaFoundation: 216162199b28c13a410421893ffa2e32 -> 
  custom:video-encoder-webm-vp8: eb34c28f22e8b96e1ab97ce403110664 -> 
  custom:audio-decoder-ogg-vorbis: bf7c407c2cedff20999df2af8eb42d56 -> 
  custom:CustomObjectIndexerAttribute: 6d391050e5a25f67b0a2c618074f2cd9 -> 
  custom:container-demuxer-webm: 4f35f7cbe854078d1ac9338744f61a02 -> 
  custom:audio-encoder-webm-vorbis: bf7c407c2cedff20999df2af8eb42d56 -> 
  custom:container-muxer-webm: aa71ff27fc2769a1b78a27578f13a17b -> 
========================================================================
Received Import Request.
  Time since last request: 286929.852000 seconds.
  path: Assets/Prefabs/DustTrail.prefab
  artifactKey: Guid(f7167ad2844254441b40b8a300b4f1fe) Importer(815301076,1909f56bfc062723c751e8b465ee728b)
Start importing Assets/Prefabs/DustTrail.prefab using Guid(f7167ad2844254441b40b8a300b4f1fe) Importer(815301076,1909f56bfc062723c751e8b465ee728b)  -> (artifact id: '384d1fbb99c68542f07a535b2dd0a4b1') in 0.564671 seconds
Number of updated asset objects reloaded before import = 0
Number of asset objects unloaded after import = 8
========================================================================
Received Import Request.
  Time since last request: 0.787478 seconds.
  path: Assets/Profiles/TanksProfile.asset
  artifactKey: Guid(d2b82a52b13b9014d988055d0b2f939e) Importer(815301076,1909f56bfc062723c751e8b465ee728b)
Start importing Assets/Profiles/TanksProfile.asset using Guid(d2b82a52b13b9014d988055d0b2f939e) Importer(815301076,1909f56bfc062723c751e8b465ee728b)  -> (artifact id: 'deb3afd8911663d2a7c4675495cc75a2') in 0.014010 seconds
Number of updated asset objects reloaded before import = 0
Number of asset objects unloaded after import = 1
========================================================================
Received Import Request.
  Time since last request: 167.373088 seconds.
  path: Assets/_Completed-Assets/Scripts
  artifactKey: Guid(aaae41d289f00a3438f3b6bb50fef4e1) Importer(815301076,1909f56bfc062723c751e8b465ee728b)
Start importing Assets/_Completed-Assets/Scripts using Guid(aaae41d289f00a3438f3b6bb50fef4e1) Importer(815301076,1909f56bfc062723c751e8b465ee728b)  -> (artifact id: 'c6a86080b5722d45431d42a54187df75') in 0.001877 seconds
Number of updated asset objects reloaded before import = 0
Number of asset objects unloaded after import = 0
========================================================================
Received Import Request.
  Time since last request: 27.342154 seconds.
  path: Assets/TutorialInfo/Icons
  artifactKey: Guid(8a0c9218a650547d98138cd835033977) Importer(815301076,1909f56bfc062723c751e8b465ee728b)
Start importing Assets/TutorialInfo/Icons using Guid(8a0c9218a650547d98138cd835033977) Importer(815301076,1909f56bfc062723c751e8b465ee728b)  -> (artifact id: '3cba1ced0346316fc368b64121f73210') in 0.003766 seconds
Number of updated asset objects reloaded before import = 0
Number of asset objects unloaded after import = 0
========================================================================
Received Import Request.
  Time since last request: 0.254964 seconds.
  path: Assets/TutorialInfo/Icons/Help_Icon.png
  artifactKey: Guid(a186f8a87ca4f4d3aa864638ad5dfb65) Importer(815301076,1909f56bfc062723c751e8b465ee728b)
Start importing Assets/TutorialInfo/Icons/Help_Icon.png using Guid(a186f8a87ca4f4d3aa864638ad5dfb65) Importer(815301076,1909f56bfc062723c751e8b465ee728b)  -> (artifact id: 'eca42a615b90384c55be2106fa5b7d54') in 0.075682 seconds
Number of updated asset objects reloaded before import = 0
Number of asset objects unloaded after import = 2
========================================================================
Received Import Request.
  Time since last request: 2.889096 seconds.
  path: Assets/Sprites/Aim Arrow.png
  artifactKey: Guid(ab943d3d5ac38bb448fabe3cdc9516d1) Importer(815301076,1909f56bfc062723c751e8b465ee728b)
Start importing Assets/Sprites/Aim Arrow.png using Guid(ab943d3d5ac38bb448fabe3cdc9516d1) Importer(815301076,1909f56bfc062723c751e8b465ee728b)  -> (artifact id: '07eed13596962549afff69b05aafaf15') in 0.097138 seconds
Number of updated asset objects reloaded before import = 0
Number of asset objects unloaded after import = 3
========================================================================
Received Import Request.
  Time since last request: 0.000108 seconds.
  path: Assets/Sprites/Smoke.tif
  artifactKey: Guid(8e2e7f1c0de3a1e4bab7041325aef152) Importer(815301076,1909f56bfc062723c751e8b465ee728b)
Start importing Assets/Sprites/Smoke.tif using Guid(8e2e7f1c0de3a1e4bab7041325aef152) Importer(815301076,1909f56bfc062723c751e8b465ee728b)  -> (artifact id: '993a6382f5446f6d58c4f00d0024d64e') in 0.039296 seconds
Number of updated asset objects reloaded before import = 0
Number of asset objects unloaded after import = 2
========================================================================
Received Import Request.
  Time since last request: 9.600829 seconds.
  path: Assets/PostProcessing/Editor
  artifactKey: Guid(e0e418747b892364db5c5f4451e67ede) Importer(815301076,1909f56bfc062723c751e8b465ee728b)
Start importing Assets/PostProcessing/Editor using Guid(e0e418747b892364db5c5f4451e67ede) Importer(815301076,1909f56bfc062723c751e8b465ee728b)  -> (artifact id: 'b8ecc33d806a5457bb2a0e5974ef1b1e') in 0.001522 seconds
Number of updated asset objects reloaded before import = 0
Number of asset objects unloaded after import = 0
========================================================================
Received Import Request.
  Time since last request: 5.808616 seconds.
  path: Assets/PostProcessing/Editor/PostProcessingBehaviourEditor.cs
  artifactKey: Guid(0c12e797b02402246a52aa270c45059b) Importer(815301076,1909f56bfc062723c751e8b465ee728b)
Start importing Assets/PostProcessing/Editor/PostProcessingBehaviourEditor.cs using Guid(0c12e797b02402246a52aa270c45059b) Importer(815301076,1909f56bfc062723c751e8b465ee728b)  -> (artifact id: 'd6d8cfa07b0d375a29197249dc2a8b55') in 0.001075 seconds
Number of updated asset objects reloaded before import = 0
Number of asset objects unloaded after import = 0
========================================================================
Received Import Request.
  Time since last request: 6.816317 seconds.
  path: Assets/PostProcessing/Editor/Models
  artifactKey: Guid(d5341d31985da604db4b100f174142ad) Importer(815301076,1909f56bfc062723c751e8b465ee728b)
Start importing Assets/PostProcessing/Editor/Models using Guid(d5341d31985da604db4b100f174142ad) Importer(815301076,1909f56bfc062723c751e8b465ee728b)  -> (artifact id: '1967cff20b1bc59f8fbfcb71c326e009') in 0.001918 seconds
Number of updated asset objects reloaded before import = 0
Number of asset objects unloaded after import = 0
========================================================================
Received Import Request.
  Time since last request: 1.497937 seconds.
  path: Assets/PostProcessing/Editor/Models/BloomModelEditor.cs
  artifactKey: Guid(a95f3f10e7e437c49ade656f531b30d2) Importer(815301076,1909f56bfc062723c751e8b465ee728b)
Start importing Assets/PostProcessing/Editor/Models/BloomModelEditor.cs using Guid(a95f3f10e7e437c49ade656f531b30d2) Importer(815301076,1909f56bfc062723c751e8b465ee728b)  -> (artifact id: '6553a95e5ed60d440542ea6b548ac5eb') in 0.001218 seconds
Number of updated asset objects reloaded before import = 0
Number of asset objects unloaded after import = 0
========================================================================
Received Import Request.
  Time since last request: 2.761084 seconds.
  path: Assets/PostProcessing/Editor/Models/AntialiasingModelEditor.cs
  artifactKey: Guid(2451939fe695c1a408ba688219837667) Importer(815301076,1909f56bfc062723c751e8b465ee728b)
Start importing Assets/PostProcessing/Editor/Models/AntialiasingModelEditor.cs using Guid(2451939fe695c1a408ba688219837667) Importer(815301076,1909f56bfc062723c751e8b465ee728b)  -> (artifact id: '36183f0aebe1559e926529bb65a7baa2') in 0.001265 seconds
Number of updated asset objects reloaded before import = 0
Number of asset objects unloaded after import = 0
========================================================================
Received Import Request.
  Time since last request: 1.929027 seconds.
  path: Assets/PostProcessing/Editor/Models/AmbientOcclusionModelEditor.cs
  artifactKey: Guid(9fcb710e23a5a0546a3b8b0ca28c1720) Importer(815301076,1909f56bfc062723c751e8b465ee728b)
Start importing Assets/PostProcessing/Editor/Models/AmbientOcclusionModelEditor.cs using Guid(9fcb710e23a5a0546a3b8b0ca28c1720) Importer(815301076,1909f56bfc062723c751e8b465ee728b)  -> (artifact id: 'f016ee28dff28b455e87b5dbd48e3862') in 0.002085 seconds
Number of updated asset objects reloaded before import = 0
Number of asset objects unloaded after import = 0
========================================================================
Received Import Request.
  Time since last request: 0.717362 seconds.
  path: Assets/PostProcessing/Editor/Models/EyeAdaptationModelEditor.cs
  artifactKey: Guid(489b5c785ba0f614d90c322fa0827216) Importer(815301076,1909f56bfc062723c751e8b465ee728b)
Start importing Assets/PostProcessing/Editor/Models/EyeAdaptationModelEditor.cs using Guid(489b5c785ba0f614d90c322fa0827216) Importer(815301076,1909f56bfc062723c751e8b465ee728b)  -> (artifact id: '5e3bc289ad214ab957f9e5bd63ab646e') in 0.001184 seconds
Number of updated asset objects reloaded before import = 0
Number of asset objects unloaded after import = 0
========================================================================
Received Import Request.
  Time since last request: 0.705691 seconds.
  path: Assets/PostProcessing/Editor/Models/FogModelEditor.cs
  artifactKey: Guid(44a64b44ec891d24b96ed84d958c3d4f) Importer(815301076,1909f56bfc062723c751e8b465ee728b)
Start importing Assets/PostProcessing/Editor/Models/FogModelEditor.cs using Guid(44a64b44ec891d24b96ed84d958c3d4f) Importer(815301076,1909f56bfc062723c751e8b465ee728b)  -> (artifact id: 'dbaa7907d80723776385da78be18f4f4') in 0.001005 seconds
Number of updated asset objects reloaded before import = 0
Number of asset objects unloaded after import = 0
========================================================================
Received Import Request.
  Time since last request: 1.148101 seconds.
  path: Assets/PostProcessing/Editor/Models/GrainModelEditor.cs
  artifactKey: Guid(8330694e2c90c284f81153ac83b3cb4a) Importer(815301076,1909f56bfc062723c751e8b465ee728b)
Start importing Assets/PostProcessing/Editor/Models/GrainModelEditor.cs using Guid(8330694e2c90c284f81153ac83b3cb4a) Importer(815301076,1909f56bfc062723c751e8b465ee728b)  -> (artifact id: '6bae9e8d62346e45e20908d47991d906') in 0.000898 seconds
Number of updated asset objects reloaded before import = 0
Number of asset objects unloaded after import = 0
========================================================================
Received Import Request.
  Time since last request: 0.894448 seconds.
  path: Assets/PostProcessing/Editor/Models/MotionBlurModelEditor.cs
  artifactKey: Guid(870806eda355b5144879155e2ba37eb6) Importer(815301076,1909f56bfc062723c751e8b465ee728b)
Start importing Assets/PostProcessing/Editor/Models/MotionBlurModelEditor.cs using Guid(870806eda355b5144879155e2ba37eb6) Importer(815301076,1909f56bfc062723c751e8b465ee728b)  -> (artifact id: '4aa703424c13fe1e4a8f46e2cb58e8c6') in 0.001107 seconds
Number of updated asset objects reloaded before import = 0
Number of asset objects unloaded after import = 0
========================================================================
Received Import Request.
  Time since last request: 0.611942 seconds.
  path: Assets/PostProcessing/Editor/Models/ScreenSpaceReflectionModelEditor.cs
  artifactKey: Guid(57bbe1f20eec7bb4d9bc90fc65ef381b) Importer(815301076,1909f56bfc062723c751e8b465ee728b)
Start importing Assets/PostProcessing/Editor/Models/ScreenSpaceReflectionModelEditor.cs using Guid(57bbe1f20eec7bb4d9bc90fc65ef381b) Importer(815301076,1909f56bfc062723c751e8b465ee728b)  -> (artifact id: '4916a46388c80d74d8b944704f9b0602') in 0.001601 seconds
Number of updated asset objects reloaded before import = 0
Number of asset objects unloaded after import = 0
========================================================================
Received Import Request.
  Time since last request: 1.044275 seconds.
  path: Assets/PostProcessing/Editor/Models/UserLutModelEditor.cs
  artifactKey: Guid(b235eb1c486b38c4fa06470234bbfd32) Importer(815301076,1909f56bfc062723c751e8b465ee728b)
Start importing Assets/PostProcessing/Editor/Models/UserLutModelEditor.cs using Guid(b235eb1c486b38c4fa06470234bbfd32) Importer(815301076,1909f56bfc062723c751e8b465ee728b)  -> (artifact id: '87b70f51e4afbe74c1abae64e8e4f7bf') in 0.001290 seconds
Number of updated asset objects reloaded before import = 0
Number of asset objects unloaded after import = 0
========================================================================
Received Import Request.
  Time since last request: 0.658998 seconds.
  path: Assets/PostProcessing/Editor/Models/VignetteModelEditor.cs
  artifactKey: Guid(745ad42620dabf04b94761acc86189ba) Importer(815301076,1909f56bfc062723c751e8b465ee728b)
Start importing Assets/PostProcessing/Editor/Models/VignetteModelEditor.cs using Guid(745ad42620dabf04b94761acc86189ba) Importer(815301076,1909f56bfc062723c751e8b465ee728b)  -> (artifact id: '6c6745f788f7dd3c783a162b13b0025a') in 0.001928 seconds
Number of updated asset objects reloaded before import = 0
Number of asset objects unloaded after import = 0
========================================================================
Received Import Request.
  Time since last request: 3.628357 seconds.
  path: Assets/New Terrain.asset
  artifactKey: Guid(f172cf14415a5d04eb7bfb779f69f891) Importer(815301076,1909f56bfc062723c751e8b465ee728b)
Start importing Assets/New Terrain.asset using Guid(f172cf14415a5d04eb7bfb779f69f891) Importer(815301076,1909f56bfc062723c751e8b465ee728b)  -> (artifact id: '5b4e8b3c111727014e4da84087d4ccc4') in 0.017196 seconds
Number of updated asset objects reloaded before import = 0
Number of asset objects unloaded after import = 1
========================================================================
Received Import Request.
  Time since last request: 99.651046 seconds.
  path: Assets/_Completed-Assets/Prefabs/CompleteDustTrail.prefab
  artifactKey: Guid(daceba43be89eb146a3ed6af99b08c29) Importer(815301076,1909f56bfc062723c751e8b465ee728b)
Start importing Assets/_Completed-Assets/Prefabs/CompleteDustTrail.prefab using Guid(daceba43be89eb146a3ed6af99b08c29) Importer(815301076,1909f56bfc062723c751e8b465ee728b)  -> (artifact id: '7ca000fa252b9b5985d5ee26744ff3b7') in 0.025182 seconds
Number of updated asset objects reloaded before import = 0
Number of asset objects unloaded after import = 8
========================================================================
Received Import Request.
  Time since last request: 0.000045 seconds.
  path: Assets/_Completed-Assets/Prefabs/CompletePumpJack.prefab
  artifactKey: Guid(b42de3640c54277468750ca555af9b52) Importer(815301076,1909f56bfc062723c751e8b465ee728b)
Start importing Assets/_Completed-Assets/Prefabs/CompletePumpJack.prefab using Guid(b42de3640c54277468750ca555af9b52) Importer(815301076,1909f56bfc062723c751e8b465ee728b)  -> (artifact id: '10254b2d7a088c8cdb91e3d34b6823dd') in 0.053830 seconds
Number of updated asset objects reloaded before import = 0
Number of asset objects unloaded after import = 18
========================================================================
Received Import Request.
  Time since last request: 0.000033 seconds.
  path: Assets/_Completed-Assets/Prefabs/CompleteShellExplosion.prefab
  artifactKey: Guid(1911d89758d97cc4898d240e9e2545f4) Importer(815301076,1909f56bfc062723c751e8b465ee728b)
Start importing Assets/_Completed-Assets/Prefabs/CompleteShellExplosion.prefab using Guid(1911d89758d97cc4898d240e9e2545f4) Importer(815301076,1909f56bfc062723c751e8b465ee728b)  -> (artifact id: '9e2fdea6a219fce9998f080963d99dbb') in 0.048065 seconds
Number of updated asset objects reloaded before import = 0
Number of asset objects unloaded after import = 16
========================================================================
Received Import Request.
  Time since last request: 0.000035 seconds.
  path: Assets/_Completed-Assets/Prefabs/CompleteTank.prefab
  artifactKey: Guid(756d3a6506f2f8241b4e8badde68567a) Importer(815301076,1909f56bfc062723c751e8b465ee728b)
Start importing Assets/_Completed-Assets/Prefabs/CompleteTank.prefab using Guid(756d3a6506f2f8241b4e8badde68567a) Importer(815301076,1909f56bfc062723c751e8b465ee728b) Refreshing native plugins compatible for Editor in 38.18 ms, found 2 plugins.
Preloading 0 native plugins for Editor in 0.00 ms.
 -> (artifact id: 'c9b64f8d22543a134de2938aad3be701') in 0.447147 seconds
Number of updated asset objects reloaded before import = 0
Number of asset objects unloaded after import = 137
========================================================================
Received Import Request.
  Time since last request: 172.667194 seconds.
  path: Packages/com.unity.xr.legacyinputhelpers
  artifactKey: Guid(9f273d1aeb919930a9018672d8e70f4b) Importer(815301076,1909f56bfc062723c751e8b465ee728b)
Start importing Packages/com.unity.xr.legacyinputhelpers using Guid(9f273d1aeb919930a9018672d8e70f4b) Importer(815301076,1909f56bfc062723c751e8b465ee728b)  -> (artifact id: '42bdc5f8ad754d5a8b8d4d65bc37b69c') in 0.001715 seconds
Number of updated asset objects reloaded before import = 0
Number of asset objects unloaded after import = 0
========================================================================
Received Import Request.
  Time since last request: 0.596614 seconds.
  path: Packages/com.unity.ide.visualstudio
  artifactKey: Guid(9db636ca49aa246019dd93b7c8b689f4) Importer(815301076,1909f56bfc062723c751e8b465ee728b)
Start importing Packages/com.unity.ide.visualstudio using Guid(9db636ca49aa246019dd93b7c8b689f4) Importer(815301076,1909f56bfc062723c751e8b465ee728b)  -> (artifact id: '7458b57afe63744747c1df32b80e297b') in 0.001143 seconds
Number of updated asset objects reloaded before import = 0
Number of asset objects unloaded after import = 0
========================================================================
Received Import Request.
  Time since last request: 17.712726 seconds.
  path: Assets/_Completed-Assets/Prefabs
  artifactKey: Guid(6945bc9f316ec404382059baa89e5a12) Importer(815301076,1909f56bfc062723c751e8b465ee728b)
Start importing Assets/_Completed-Assets/Prefabs using Guid(6945bc9f316ec404382059baa89e5a12) Importer(815301076,1909f56bfc062723c751e8b465ee728b)  -> (artifact id: '2714df50694e4817dc3cb6a5999f68de') in 0.001598 seconds
Number of updated asset objects reloaded before import = 0
Number of asset objects unloaded after import = 0
========================================================================
Received Import Request.
  Time since last request: 2.831229 seconds.
  path: Assets/_Completed-Assets/AudioMixers
  artifactKey: Guid(137d74c4bd2116d45bee226676d8a18a) Importer(815301076,1909f56bfc062723c751e8b465ee728b)
Start importing Assets/_Completed-Assets/AudioMixers using Guid(137d74c4bd2116d45bee226676d8a18a) Importer(815301076,1909f56bfc062723c751e8b465ee728b)  -> (artifact id: 'da2d61dd0288295fd5b94616c20f631c') in 0.001001 seconds
Number of updated asset objects reloaded before import = 0
Number of asset objects unloaded after import = 0
========================================================================
Received Import Request.
  Time since last request: 0.100867 seconds.
  path: Assets/_Completed-Assets/AudioMixers/CompleteMainMix.mixer
  artifactKey: Guid(86a7353f2579d476fbaa7f161c2e5d00) Importer(815301076,1909f56bfc062723c751e8b465ee728b)
Start importing Assets/_Completed-Assets/AudioMixers/CompleteMainMix.mixer using Guid(86a7353f2579d476fbaa7f161c2e5d00) Importer(815301076,1909f56bfc062723c751e8b465ee728b) Refreshing native plugins compatible for Editor in 25.04 ms, found 2 plugins.
Preloading 0 native plugins for Editor in 0.00 ms.
 -> (artifact id: 'b621a8967d64af6dc6fe3892fa9ebe4d') in 0.029859 seconds
Number of updated asset objects reloaded before import = 0
Number of asset objects unloaded after import = 12
========================================================================
Received Import Request.
  Time since last request: 1.568216 seconds.
  path: Assets/_Completed-Assets/Animators
  artifactKey: Guid(e0a5a24639365f2438a199c6b46badfd) Importer(815301076,1909f56bfc062723c751e8b465ee728b)
Start importing Assets/_Completed-Assets/Animators using Guid(e0a5a24639365f2438a199c6b46badfd) Importer(815301076,1909f56bfc062723c751e8b465ee728b)  -> (artifact id: '649a2e54cfa61487f5869f245f4c0286') in 0.002099 seconds
Number of updated asset objects reloaded before import = 0
Number of asset objects unloaded after import = 0
========================================================================
Received Import Request.
  Time since last request: 2.888096 seconds.
  path: Assets/AudioClips/BackgroundMusic.wav
  artifactKey: Guid(8ce5d020a687c314891341b4126d1de2) Importer(815301076,1909f56bfc062723c751e8b465ee728b)
Start importing Assets/AudioClips/BackgroundMusic.wav using Guid(8ce5d020a687c314891341b4126d1de2) Importer(815301076,1909f56bfc062723c751e8b465ee728b)  -> (artifact id: '481635b46feb503215d3002bb77ebd79') in 0.784347 seconds
Number of updated asset objects reloaded before import = 0
Number of asset objects unloaded after import = 2
Editor requested this worker to shutdown with reason: Scaling down because of idle timeout
TcpMessagingSession - receive error: operation aborted. errorcode: 995, details: The I/O operation has been aborted because of either a thread exit or an application request.
AssetImportWorker is now disconnected from the server
Process exiting
Exiting without the bug reporter. Application will terminate with return code 0